  ScoreProcessor.cpp
c:\users\edwar\documents\visual studio 2017\projects\scoreprocessor\scoreprocessor\lib\exstring\exstring.h(305): warning C4544: '<unnamed-symbol>': default template argument ignored on this template declaration
  c:\users\edwar\documents\visual studio 2017\projects\scoreprocessor\scoreprocessor\lib\exstring\exstring.h(304): note: see declaration of '<unnamed-symbol>'
ScoreProcessor.cpp(287): warning C4305: 'initializing': truncation from 'double' to 'float'
C:\Program Files (x86)\Microsoft Visual Studio\2017\Community\VC\Tools\MSVC\14.10.25017\include\memory(2054): warning C4267: 'argument': conversion from 'size_t' to 'unsigned int', possible loss of data
  c:\users\edwar\documents\visual studio 2017\projects\scoreprocessor\scoreprocessor\lib/threadpool/ThreadPool.h(102): note: see reference to function template instantiation 'std::unique_ptr<Task,std::default_delete<_Ty>> std::make_unique<Task,const char*,const ScoreProcessor::ProcessList<unsigned char>*const ,const ScoreProcessor::SaveRules*&,unsigned __int64>(const char *&&,const ScoreProcessor::ProcessList<unsigned char> *const &&,const ScoreProcessor::SaveRules *&,unsigned __int64 &&)' being compiled
          with
          [
              Task=ScoreProcessor::ProcessList<unsigned char>::ProcessTaskFName,
              _Ty=ScoreProcessor::ProcessList<unsigned char>::ProcessTaskFName
          ]
  c:\users\edwar\documents\visual studio 2017\projects\scoreprocessor\scoreprocessor\ImageProcess.h(266): note: see reference to function template instantiation 'void exlib::ThreadPool::add_task<ScoreProcessor::ProcessList<unsigned char>::ProcessTaskFName,const _Elem*,const ScoreProcessor::ProcessList<unsigned char>*const ,const ScoreProcessor::SaveRules*&,::size_t>(const _Elem *&&,const ScoreProcessor::ProcessList<unsigned char> *const &&,const ScoreProcessor::SaveRules *&,size_t &&)' being compiled
          with
          [
              _Elem=char
          ]
  ScoreProcessor.cpp(873): note: see reference to function template instantiation 'void ScoreProcessor::ProcessList<unsigned char>::process<std::string>(const std::vector<std::string,std::allocator<_Ty>> &,const ScoreProcessor::SaveRules *,unsigned int) const' being compiled
          with
          [
              _Ty=std::string
          ]
  ScoreProcessor.cpp(873): note: see reference to function template instantiation 'void ScoreProcessor::ProcessList<unsigned char>::process<std::string>(const std::vector<std::string,std::allocator<_Ty>> &,const ScoreProcessor::SaveRules *,unsigned int) const' being compiled
          with
          [
              _Ty=std::string
          ]
  Generating code
  83 of 3838 functions ( 2.2%) were compiled, the rest were copied from previous compilation.
    0 functions were new in current compilation
    108 functions had inline decision re-evaluated but remain unchanged
  Finished generating code
ThreadPool_x64.lib(ThreadPool.obj) : warning LNK4099: PDB 'ThreadPool.pdb' was not found with 'ThreadPool_x64.lib(ThreadPool.obj)' or at 'C:\Users\edwar\documents\visual studio 2017\Projects\ScoreProcessor\x64\Release\ThreadPool.pdb'; linking object as if no debug info
ThreadPool_x64.lib(stdafx.obj) : warning LNK4099: PDB 'ThreadPool.pdb' was not found with 'ThreadPool_x64.lib(stdafx.obj)' or at 'C:\Users\edwar\documents\visual studio 2017\Projects\ScoreProcessor\x64\Release\ThreadPool.pdb'; linking object as if no debug info
  ScoreProcessor.vcxproj -> C:\Users\edwar\documents\visual studio 2017\Projects\ScoreProcessor\x64\Release\sproc.exe
